TN:
SF:/Users/mduve/repository/mjs/plugin/src/js/Bounds.js
FN:38,Bounds
FNF:1
FNH:1
FNDA:46,Bounds
DA:1,1
DA:17,25
DA:25,25
DA:29,5
DA:38,138
DA:39,46
DA:40,1
DA:42,45
DA:43,45
DA:44,45
DA:53,12
DA:61,1
LF:12
LH:12
BRDA:38,1,0,14
BRDA:38,1,1,32
BRDA:38,2,0,46
BRDA:38,2,1,32
BRDA:38,3,0,15
BRDA:38,3,1,31
BRDA:38,4,0,46
BRDA:38,4,1,31
BRDA:39,5,0,1
BRDA:39,5,1,45
BRDA:39,6,0,46
BRDA:39,6,1,45
BRDA:53,7,0,12
BRDA:53,7,1,11
BRDA:53,7,2,7
BRF:15
BRH:15
end_of_record
TN:
SF:/Users/mduve/repository/mjs/plugin/src/js/DataEnrichment.js
FN:20,marker
FN:31,(anonymous_4)
FN:44,(anonymous_5)
FN:20,mapSettings
FNF:4
FNH:4
FNDA:4,marker
FNDA:5,(anonymous_4)
FNDA:7,(anonymous_5)
FNDA:3,mapSettings
DA:1,1
DA:4,1
DA:7,1
DA:10,1
DA:20,1
DA:29,4
DA:31,4
DA:32,5
DA:34,5
DA:35,2
DA:37,5
DA:38,4
DA:41,5
DA:42,4
DA:44,1
DA:45,7
DA:49,5
DA:50,2
DA:52,5
DA:53,4
DA:55,5
DA:56,3
DA:59,5
DA:62,4
DA:71,3
DA:72,3
DA:76,3
DA:77,1
DA:78,1
DA:79,1
DA:80,1
DA:82,2
DA:85,3
DA:86,3
DA:88,3
DA:89,3
DA:91,3
DA:99,1
DA:126,1
DA:137,1
DA:149,1
DA:159,1
LF:42
LH:42
BRDA:34,1,0,2
BRDA:34,1,1,3
BRDA:37,2,0,4
BRDA:37,2,1,1
BRDA:41,3,0,4
BRDA:41,3,1,1
BRDA:49,4,0,2
BRDA:49,4,1,3
BRDA:52,5,0,4
BRDA:52,5,1,1
BRDA:55,6,0,3
BRDA:55,6,1,2
BRDA:55,7,0,5
BRDA:55,7,1,4
BRDA:71,8,0,1
BRDA:71,8,1,2
BRDA:71,9,0,3
BRDA:71,9,1,3
BRDA:76,10,0,1
BRDA:76,10,1,2
BRF:20
BRH:20
end_of_record
TN:
SF:/Users/mduve/repository/mjs/plugin/src/js/Drawable.js
FN:91,Drawable
FNF:1
FNH:1
FNDA:13,Drawable
DA:1,1
DA:4,1
DA:7,1
DA:23,2
DA:31,1
DA:39,2
DA:47,1
DA:55,1
DA:63,2
DA:71,1
DA:79,2
DA:91,91
DA:93,13
DA:94,13
DA:95,13
DA:96,13
DA:104,1
LF:17
LH:17
BRDA:91,1,0,10
BRDA:91,1,1,3
BRDA:91,2,0,13
BRDA:91,2,1,3
BRDA:91,3,0,11
BRDA:91,3,1,2
BRDA:91,4,0,13
BRDA:91,4,1,2
BRDA:91,5,0,11
BRDA:91,5,1,2
BRDA:91,6,0,13
BRDA:91,6,1,2
BRDA:91,7,0,11
BRDA:91,7,1,2
BRDA:91,8,0,13
BRDA:91,8,1,2
BRDA:91,9,0,11
BRDA:91,9,1,2
BRDA:91,10,0,13
BRDA:91,10,1,2
BRF:20
BRH:20
end_of_record
TN:
SF:/Users/mduve/repository/mjs/plugin/src/js/Events.js
FNF:0
FNH:0
DA:7,1
LF:1
LH:1
BRF:0
BRH:0
end_of_record
TN:
SF:/Users/mduve/repository/mjs/plugin/src/js/Helper.js
FN:7,requestJSON
FN:17,(anonymous_2)
FN:7,find
FN:7,findAll
FN:7,show
FN:7,hide
FN:7,css
FN:7,addListener
FN:91,(anonymous_9)
FN:7,clamp
FN:7,loadImage
FN:115,(anonymous_12)
FN:7,getFile
FN:133,(anonymous_14)
FN:7,loadScript
FN:7,forEach
FN:187,toRadians
FN:194,isMouse
FN:201,isTouch
FN:208,isIE
FN:215,scrollEvent
FNF:21
FNH:7
FNDA:0,requestJSON
FNDA:0,(anonymous_2)
FNDA:0,find
FNDA:0,findAll
FNDA:0,show
FNDA:0,hide
FNDA:0,css
FNDA:0,addListener
FNDA:0,(anonymous_9)
FNDA:11,clamp
FNDA:0,loadImage
FNDA:0,(anonymous_12)
FNDA:0,getFile
FNDA:0,(anonymous_14)
FNDA:0,loadScript
FNDA:7,forEach
FNDA:8,toRadians
FNDA:2,isMouse
FNDA:6,isTouch
FNDA:4,isIE
FNDA:3,scrollEvent
DA:7,1
DA:17,0
DA:18,0
DA:19,0
DA:22,0
DA:32,0
DA:33,0
DA:43,0
DA:44,0
DA:54,0
DA:55,0
DA:65,0
DA:66,0
DA:77,0
DA:78,0
DA:91,0
DA:92,0
DA:103,33
DA:104,11
DA:114,0
DA:115,0
DA:116,0
DA:117,0
DA:120,0
DA:121,0
DA:132,0
DA:133,0
DA:134,0
DA:135,0
DA:136,0
DA:138,0
DA:142,0
DA:143,0
DA:144,0
DA:155,0
DA:156,0
DA:157,0
DA:158,0
DA:159,0
DA:160,0
DA:161,0
DA:162,0
DA:173,7
DA:174,22
DA:175,17
DA:178,7
DA:187,8
DA:194,2
DA:201,6
DA:208,4
DA:215,3
LF:51
LH:12
BRDA:18,1,0,0
BRDA:18,1,1,0
BRDA:32,2,0,0
BRDA:32,2,1,0
BRDA:32,3,0,0
BRDA:32,3,1,0
BRDA:32,4,0,0
BRDA:32,4,1,0
BRDA:32,5,0,0
BRDA:32,5,1,0
BRDA:33,6,0,0
BRDA:33,6,1,0
BRDA:43,7,0,0
BRDA:43,7,1,0
BRDA:43,8,0,0
BRDA:43,8,1,0
BRDA:43,9,0,0
BRDA:43,9,1,0
BRDA:43,10,0,0
BRDA:43,10,1,0
BRDA:44,11,0,0
BRDA:44,11,1,0
BRDA:103,12,0,1
BRDA:103,12,1,10
BRDA:103,13,0,11
BRDA:103,13,1,10
BRDA:103,14,0,3
BRDA:103,14,1,8
BRDA:103,15,0,11
BRDA:103,15,1,8
BRDA:103,16,0,7
BRDA:103,16,1,4
BRDA:103,17,0,11
BRDA:103,17,1,4
BRDA:116,18,0,0
BRDA:116,18,1,0
BRDA:116,19,0,0
BRDA:116,19,1,0
BRDA:134,20,0,0
BRDA:134,20,1,0
BRDA:135,21,0,0
BRDA:135,21,1,0
BRDA:135,22,0,0
BRDA:135,22,1,0
BRDA:174,23,0,17
BRDA:174,23,1,5
BRDA:174,24,0,22
BRDA:174,24,1,22
BRDA:201,25,0,6
BRDA:201,25,1,5
BRDA:201,25,2,4
BRDA:208,26,0,4
BRDA:208,26,1,3
BRDA:215,27,0,1
BRDA:215,27,1,2
BRDA:215,28,0,1
BRDA:215,28,1,1
BRF:57
BRH:25
end_of_record
TN:
SF:/Users/mduve/repository/mjs/plugin/src/js/LatLng.js
FN:30,LatLng
FN:115,(anonymous_16)
FNF:2
FNH:2
FNDA:205,LatLng
FNDA:22,(anonymous_16)
DA:13,9
DA:21,22
DA:30,615
DA:31,205
DA:32,205
DA:33,205
DA:41,7
DA:42,7
DA:50,19
DA:51,19
DA:52,19
DA:53,19
DA:61,9
DA:62,9
DA:63,9
DA:64,9
DA:73,20
DA:74,10
DA:75,10
DA:76,10
DA:85,16
DA:86,8
DA:87,8
DA:88,8
DA:97,29
DA:105,14
DA:115,22
LF:27
LH:27
BRDA:30,1,0,47
BRDA:30,1,1,158
BRDA:30,2,0,205
BRDA:30,2,1,158
BRDA:30,3,0,47
BRDA:30,3,1,158
BRDA:30,4,0,205
BRDA:30,4,1,158
BRDA:41,5,0,1
BRDA:41,5,1,6
BRDA:41,6,0,7
BRDA:41,6,1,6
BRDA:50,7,0,1
BRDA:50,7,1,18
BRDA:50,8,0,19
BRDA:50,8,1,18
BRDA:61,9,0,1
BRDA:61,9,1,8
BRDA:61,10,0,9
BRDA:61,10,1,8
BRDA:73,11,0,1
BRDA:73,11,1,9
BRDA:73,12,0,10
BRDA:73,12,1,9
BRDA:73,13,0,9
BRDA:73,13,1,1
BRDA:73,14,0,10
BRDA:73,14,1,1
BRDA:85,15,0,1
BRDA:85,15,1,7
BRDA:85,16,0,8
BRDA:85,16,1,7
BRDA:85,17,0,4
BRDA:85,17,1,4
BRDA:85,18,0,8
BRDA:85,18,1,4
BRDA:97,19,0,29
BRDA:97,19,1,23
BRF:38
BRH:38
end_of_record
TN:
SF:/Users/mduve/repository/mjs/plugin/src/js/MapInformation.js
FN:51,MapInformation
FNF:1
FNH:1
FNDA:23,MapInformation
DA:1,1
DA:4,1
DA:7,1
DA:10,1
DA:13,1
DA:16,1
DA:19,1
DA:34,17
DA:42,20
DA:51,69
DA:52,23
DA:53,12
DA:54,12
DA:55,12
DA:65,12
DA:66,12
DA:67,12
DA:68,12
DA:70,23
DA:78,17
DA:86,12
DA:87,12
DA:95,7
DA:96,7
DA:97,7
DA:98,7
DA:99,7
DA:100,3
DA:102,7
DA:111,6
DA:112,6
DA:121,3
DA:122,3
DA:123,3
DA:131,2
DA:132,2
DA:133,2
DA:141,5
DA:142,5
DA:151,5
DA:158,10
DA:167,1
LF:42
LH:42
BRDA:42,1,0,20
BRDA:42,1,1,2
BRDA:42,2,0,20
BRDA:42,2,1,2
BRDA:51,3,0,10
BRDA:51,3,1,13
BRDA:51,4,0,23
BRDA:51,4,1,13
BRDA:51,5,0,23
BRDA:51,5,1,0
BRDA:51,6,0,23
BRDA:51,6,1,0
BRDA:52,7,0,12
BRDA:52,7,1,11
BRDA:95,8,0,1
BRDA:95,8,1,6
BRDA:95,9,0,7
BRDA:95,9,1,6
BRDA:98,10,0,2
BRDA:98,10,1,5
BRDA:99,11,0,3
BRDA:99,11,1,4
BRDA:99,12,0,7
BRDA:99,12,1,5
BRF:24
BRH:22
end_of_record
TN:
SF:/Users/mduve/repository/mjs/plugin/src/js/Point.js
FN:38,Point
FN:147,(anonymous_19)
FNF:2
FNH:2
FNDA:379,Point
FNDA:7,(anonymous_19)
DA:13,7
DA:21,7
DA:29,8
DA:38,1137
DA:39,379
DA:40,379
DA:41,379
DA:49,14
DA:50,14
DA:51,14
DA:52,14
DA:60,3
DA:61,3
DA:62,3
DA:63,3
DA:72,8
DA:73,4
DA:74,4
DA:75,4
DA:84,18
DA:85,9
DA:86,9
DA:87,9
DA:96,3
DA:104,5
DA:105,5
DA:114,56
DA:115,28
DA:116,28
DA:117,28
DA:126,48
DA:127,24
DA:128,24
DA:129,24
DA:137,1
DA:147,7
LF:36
LH:36
BRDA:38,1,0,17
BRDA:38,1,1,362
BRDA:38,2,0,379
BRDA:38,2,1,366
BRDA:38,3,0,17
BRDA:38,3,1,362
BRDA:38,4,0,379
BRDA:38,4,1,366
BRDA:49,5,0,1
BRDA:49,5,1,13
BRDA:49,6,0,14
BRDA:49,6,1,13
BRDA:60,7,0,1
BRDA:60,7,1,2
BRDA:60,8,0,3
BRDA:60,8,1,2
BRDA:72,9,0,1
BRDA:72,9,1,3
BRDA:72,10,0,4
BRDA:72,10,1,3
BRDA:72,11,0,3
BRDA:72,11,1,1
BRDA:72,12,0,4
BRDA:72,12,1,1
BRDA:84,13,0,1
BRDA:84,13,1,8
BRDA:84,14,0,9
BRDA:84,14,1,8
BRDA:84,15,0,2
BRDA:84,15,1,7
BRDA:84,16,0,9
BRDA:84,16,1,7
BRDA:96,17,0,3
BRDA:96,17,1,1
BRDA:104,18,0,1
BRDA:104,18,1,4
BRDA:104,19,0,5
BRDA:104,19,1,4
BRDA:114,20,0,1
BRDA:114,20,1,27
BRDA:114,21,0,28
BRDA:114,21,1,27
BRDA:114,22,0,2
BRDA:114,22,1,26
BRDA:114,23,0,28
BRDA:114,23,1,26
BRDA:126,24,0,1
BRDA:126,24,1,23
BRDA:126,25,0,24
BRDA:126,25,1,23
BRDA:126,26,0,2
BRDA:126,26,1,22
BRDA:126,27,0,24
BRDA:126,27,1,22
BRF:54
BRH:54
end_of_record
TN:
SF:/Users/mduve/repository/mjs/plugin/src/js/Publisher.js
FN:17,Publisher
FN:32,(anonymous_11)
FN:46,(anonymous_13)
FNF:3
FNH:1
FNDA:36,Publisher
FNDA:0,(anonymous_11)
FNDA:0,(anonymous_13)
DA:1,1
DA:17,72
DA:18,36
DA:19,12
DA:20,12
DA:21,12
DA:23,36
DA:32,42
DA:33,21
DA:34,11
DA:36,21
DA:37,21
DA:46,6
DA:47,3
DA:56,6
DA:57,3
DA:67,42
DA:68,6
DA:69,15
DA:70,5
DA:71,3
DA:73,2
DA:74,1
DA:78,6
DA:85,10
DA:94,1
LF:26
LH:26
BRDA:17,1,0,8
BRDA:17,1,1,28
BRDA:17,2,0,36
BRDA:17,2,1,28
BRDA:18,3,0,12
BRDA:18,3,1,24
BRDA:32,4,0,2
BRDA:32,4,1,19
BRDA:32,5,0,21
BRDA:32,5,1,19
BRDA:32,6,0,3
BRDA:32,6,1,18
BRDA:32,7,0,21
BRDA:32,7,1,18
BRDA:33,8,0,11
BRDA:33,8,1,10
BRDA:46,9,0,1
BRDA:46,9,1,2
BRDA:46,10,0,3
BRDA:46,10,1,2
BRDA:46,11,0,2
BRDA:46,11,1,1
BRDA:46,12,0,3
BRDA:46,12,1,1
BRDA:56,13,0,1
BRDA:56,13,1,2
BRDA:56,14,0,3
BRDA:56,14,1,2
BRDA:56,15,0,1
BRDA:56,15,1,2
BRDA:56,16,0,3
BRDA:56,16,1,2
BRDA:68,17,0,5
BRDA:68,17,1,1
BRDA:70,18,0,3
BRDA:70,18,1,2
BRDA:73,19,0,1
BRDA:73,19,1,1
BRDA:67,20,0,6
BRDA:67,20,1,12
BRF:40
BRH:40
end_of_record
TN:
SF:/Users/mduve/repository/mjs/plugin/src/js/Rectangle.js
FN:101,Rectangle
FN:337,(anonymous_40)
FNF:2
FNH:2
FNDA:197,Rectangle
FNDA:3,(anonymous_40)
DA:1,1
DA:18,30
DA:26,2
DA:34,2
DA:42,2
DA:50,2
DA:58,29
DA:66,33
DA:74,29
DA:82,23
DA:90,3
DA:101,1182
DA:103,197
DA:104,197
DA:105,197
DA:113,6
DA:114,6
DA:123,7
DA:132,1
DA:133,1
DA:134,1
DA:135,1
DA:136,1
DA:137,1
DA:145,6
DA:146,6
DA:147,6
DA:148,6
DA:156,3
DA:157,3
DA:158,3
DA:159,3
DA:167,2
DA:168,2
DA:169,2
DA:170,2
DA:179,8
DA:180,8
DA:188,8
DA:189,8
DA:197,5
DA:198,5
DA:206,5
DA:207,5
DA:215,22
DA:216,22
DA:217,22
DA:218,22
DA:226,12
DA:227,12
DA:228,12
DA:229,12
DA:238,20
DA:239,10
DA:240,10
DA:241,10
DA:250,6
DA:251,3
DA:252,3
DA:253,3
DA:254,3
DA:263,48
DA:264,24
DA:265,24
DA:276,32
DA:277,8
DA:278,8
DA:279,8
DA:280,8
DA:289,40
DA:290,20
DA:291,20
DA:302,48
DA:303,12
DA:304,12
DA:305,12
DA:306,12
DA:315,12
DA:316,6
DA:317,6
DA:318,6
DA:327,11
DA:337,3
LF:83
LH:83
BRDA:101,1,0,28
BRDA:101,1,1,169
BRDA:101,2,0,197
BRDA:101,2,1,169
BRDA:101,3,0,28
BRDA:101,3,1,169
BRDA:101,4,0,197
BRDA:101,4,1,169
BRDA:101,5,0,28
BRDA:101,5,1,169
BRDA:101,6,0,197
BRDA:101,6,1,169
BRDA:101,7,0,28
BRDA:101,7,1,169
BRDA:101,8,0,197
BRDA:101,8,1,169
BRDA:113,9,0,1
BRDA:113,9,1,5
BRDA:113,10,0,6
BRDA:113,10,1,5
BRDA:114,11,0,6
BRDA:114,11,1,4
BRDA:114,11,2,4
BRDA:114,11,3,4
BRDA:123,12,0,3
BRDA:123,12,1,4
BRDA:123,13,0,3
BRDA:123,13,1,1
BRDA:145,14,0,1
BRDA:145,14,1,5
BRDA:145,15,0,6
BRDA:145,15,1,5
BRDA:156,16,0,1
BRDA:156,16,1,2
BRDA:156,17,0,3
BRDA:156,17,1,2
BRDA:167,18,0,1
BRDA:167,18,1,1
BRDA:167,19,0,2
BRDA:167,19,1,1
BRDA:179,20,0,1
BRDA:179,20,1,7
BRDA:179,21,0,8
BRDA:179,21,1,7
BRDA:180,22,0,7
BRDA:180,22,1,1
BRDA:180,23,0,7
BRDA:180,23,1,5
BRDA:180,23,2,3
BRDA:180,23,3,3
BRDA:188,24,0,1
BRDA:188,24,1,7
BRDA:188,25,0,8
BRDA:188,25,1,7
BRDA:189,26,0,7
BRDA:189,26,1,1
BRDA:189,27,0,7
BRDA:189,27,1,7
BRDA:189,27,2,7
BRDA:189,27,3,5
BRDA:197,28,0,1
BRDA:197,28,1,4
BRDA:197,29,0,5
BRDA:197,29,1,4
BRDA:206,30,0,1
BRDA:206,30,1,4
BRDA:206,31,0,5
BRDA:206,31,1,4
BRDA:215,32,0,1
BRDA:215,32,1,21
BRDA:215,33,0,22
BRDA:215,33,1,21
BRDA:226,34,0,1
BRDA:226,34,1,11
BRDA:226,35,0,12
BRDA:226,35,1,11
BRDA:238,36,0,1
BRDA:238,36,1,9
BRDA:238,37,0,10
BRDA:238,37,1,9
BRDA:238,38,0,4
BRDA:238,38,1,6
BRDA:238,39,0,10
BRDA:238,39,1,6
BRDA:250,40,0,1
BRDA:250,40,1,2
BRDA:250,41,0,3
BRDA:250,41,1,2
BRDA:250,42,0,2
BRDA:250,42,1,1
BRDA:250,43,0,3
BRDA:250,43,1,1
BRDA:263,44,0,1
BRDA:263,44,1,23
BRDA:263,45,0,24
BRDA:263,45,1,23
BRDA:263,46,0,2
BRDA:263,46,1,22
BRDA:263,47,0,24
BRDA:263,47,1,22
BRDA:276,48,0,1
BRDA:276,48,1,7
BRDA:276,49,0,8
BRDA:276,49,1,7
BRDA:276,50,0,2
BRDA:276,50,1,6
BRDA:276,51,0,8
BRDA:276,51,1,6
BRDA:276,52,0,3
BRDA:276,52,1,5
BRDA:276,53,0,8
BRDA:276,53,1,5
BRDA:276,54,0,5
BRDA:276,54,1,3
BRDA:276,55,0,8
BRDA:276,55,1,3
BRDA:289,56,0,2
BRDA:289,56,1,18
BRDA:289,57,0,20
BRDA:289,57,1,18
BRDA:289,58,0,5
BRDA:289,58,1,15
BRDA:289,59,0,20
BRDA:289,59,1,15
BRDA:302,60,0,2
BRDA:302,60,1,10
BRDA:302,61,0,12
BRDA:302,61,1,10
BRDA:302,62,0,4
BRDA:302,62,1,8
BRDA:302,63,0,12
BRDA:302,63,1,8
BRDA:302,64,0,6
BRDA:302,64,1,6
BRDA:302,65,0,12
BRDA:302,65,1,6
BRDA:302,66,0,8
BRDA:302,66,1,4
BRDA:302,67,0,12
BRDA:302,67,1,4
BRDA:315,68,0,2
BRDA:315,68,1,4
BRDA:315,69,0,6
BRDA:315,69,1,4
BRDA:315,70,0,4
BRDA:315,70,1,2
BRDA:315,71,0,6
BRDA:315,71,1,2
BRDA:327,72,0,10
BRDA:327,72,1,1
BRDA:327,73,0,10
BRDA:327,73,1,8
BRDA:327,73,2,7
BRDA:327,73,3,4
BRF:154
BRH:154
end_of_record
TN:
SF:/Users/mduve/repository/mjs/plugin/src/js/StateHandler.js
FN:29,StateHandler
FNF:1
FNH:1
FNDA:11,StateHandler
DA:13,40
DA:21,17
DA:32,22
DA:33,11
DA:34,11
DA:35,11
DA:36,11
DA:44,6
DA:45,6
DA:46,4
DA:48,6
DA:56,3
DA:57,3
DA:58,2
DA:60,3
DA:69,6
DA:70,4
DA:72,6
DA:80,10
DA:88,4
LF:20
LH:20
BRDA:29,1,0,5
BRDA:29,1,1,6
BRDA:32,2,0,11
BRDA:32,2,1,6
BRDA:45,3,0,4
BRDA:45,3,1,2
BRDA:57,4,0,2
BRDA:57,4,1,1
BRDA:69,5,0,4
BRDA:69,5,1,2
BRDA:69,6,0,6
BRDA:69,6,1,5
BRF:12
BRH:12
end_of_record
TN:
SF:/Users/mduve/repository/mjs/plugin/src/js/Tile.js
FN:44,Tile
FN:69,(anonymous_11)
FNF:2
FNH:1
FNDA:2,Tile
FNDA:0,(anonymous_11)
DA:1,1
DA:4,1
DA:7,1
DA:10,1
DA:27,0
DA:52,17
DA:54,1
DA:55,0
DA:57,1
DA:58,1
DA:59,1
DA:60,1
DA:67,0
DA:68,0
DA:69,0
DA:70,0
DA:71,0
DA:72,0
DA:74,0
DA:82,0
DA:83,0
DA:84,0
DA:85,0
DA:86,0
DA:87,0
DA:89,0
DA:98,1
LF:27
LH:11
BRDA:45,1,0,0
BRDA:45,1,1,1
BRDA:46,2,0,0
BRDA:46,2,1,1
BRDA:47,3,0,0
BRDA:47,3,1,1
BRDA:48,4,0,0
BRDA:48,4,1,1
BRDA:49,5,0,0
BRDA:49,5,1,1
BRDA:50,6,0,1
BRDA:50,6,1,0
BRDA:51,7,0,1
BRDA:51,7,1,0
BRDA:54,8,0,0
BRDA:54,8,1,1
BRDA:54,9,0,1
BRDA:54,9,1,1
BRDA:54,9,2,1
BRDA:82,10,0,0
BRDA:82,10,1,0
BRDA:86,11,0,0
BRDA:86,11,1,0
BRF:23
BRH:11
end_of_record
